<?xml version="1.0" encoding="UTF-8"?>
<!-- Generated by org.testng.reporters.JUnitXMLReporter -->
<testsuite hostname="LAPTOP-VGI3336T" ignored="0" name="Test" tests="1" failures="0" timestamp="06 Apr 2021 07:39:11 GMT" time="3.377" errors="0">
  <testcase name="@BeforeClass setUp" time="3.223" classname="com.inetbanking.testcases.BaseClass">
    <failure type="org.openqa.selenium.SessionNotCreatedException" message="session not created: This version of ChromeDriver only supports Chrome version 87
Current browser version is 89.0.4389.114 with binary path C:\Program Files\Google\Chrome\Application\chrome.exe
Build info: version: &amp;apos;3.141.59&amp;apos;, revision: &amp;apos;e82be7d358&amp;apos;, time: &amp;apos;2018-11-14T08:17:03&amp;apos;
System info: host: &amp;apos;LAPTOP-VGI3336T&amp;apos;, ip: &amp;apos;192.168.137.1&amp;apos;, os.name: &amp;apos;Windows 10&amp;apos;, os.arch: &amp;apos;amd64&amp;apos;, os.version: &amp;apos;10.0&amp;apos;, java.version: &amp;apos;1.8.0_251&amp;apos;
Driver info: driver.version: ChromeDriver
remote stacktrace: Backtrace:
	Ordinal0 [0x0038C0C3+3326147]
	Ordinal0 [0x00270851+2164817]
	Ordinal0 [0x000F7298+619160]
	Ordinal0 [0x00071D92+73106]
	Ordinal0 [0x0006E119+57625]
	Ordinal0 [0x0006C38A+50058]
	Ordinal0 [0x00095F3E+220990]
	Ordinal0 [0x00095CAC+220332]
	Ordinal0 [0x0009189B+202907]
	Ordinal0 [0x00073DF4+81396]
	Ordinal0 [0x00074DEE+85486]
	Ordinal0 [0x00074D79+85369]
	Ordinal0 [0x002885DC+2262492]
	GetHandleVerifier [0x00512874+1487204]
	GetHandleVerifier [0x005123CD+1486013]
	GetHandleVerifier [0x0051A368+1518680]
	GetHandleVerifier [0x00512F4E+1488958]
	Ordinal0 [0x0027ED0D+2223373]
	Ordinal0 [0x0028A12B+2269483]
	Ordinal0 [0x0028A26F+2269807]
	Ordinal0 [0x0029ECB8+2354360]
	BaseThreadInitThunk [0x76076359+25]
	RtlGetAppContainerNamedObjectPath [0x773F8944+228]
	RtlGetAppContainerNamedObjectPath [0x773F8914+180]
	(No symbol) [0x00000000]
">
      <![CDATA[org.openqa.selenium.SessionNotCreatedException: session not created: This version of ChromeDriver only supports Chrome version 87
Current browser version is 89.0.4389.114 with binary path C:\Program Files\Google\Chrome\Application\chrome.exe
Build info: version: '3.141.59', revision: 'e82be7d358', time: '2018-11-14T08:17:03'
System info: host: 'LAPTOP-VGI3336T', ip: '192.168.137.1', os.name: 'Windows 10', os.arch: 'amd64', os.version: '10.0', java.version: '1.8.0_251'
Driver info: driver.version: ChromeDriver
remote stacktrace: Backtrace:
Ordinal0 [0x0038C0C3+3326147]
Ordinal0 [0x00270851+2164817]
Ordinal0 [0x000F7298+619160]
Ordinal0 [0x00071D92+73106]
Ordinal0 [0x0006E119+57625]
Ordinal0 [0x0006C38A+50058]
Ordinal0 [0x00095F3E+220990]
Ordinal0 [0x00095CAC+220332]
Ordinal0 [0x0009189B+202907]
Ordinal0 [0x00073DF4+81396]
Ordinal0 [0x00074DEE+85486]
Ordinal0 [0x00074D79+85369]
Ordinal0 [0x002885DC+2262492]
GetHandleVerifier [0x00512874+1487204]
GetHandleVerifier [0x005123CD+1486013]
GetHandleVerifier [0x0051A368+1518680]
GetHandleVerifier [0x00512F4E+1488958]
Ordinal0 [0x0027ED0D+2223373]
Ordinal0 [0x0028A12B+2269483]
Ordinal0 [0x0028A26F+2269807]
Ordinal0 [0x0029ECB8+2354360]
BaseThreadInitThunk [0x76076359+25]
RtlGetAppContainerNamedObjectPath [0x773F8944+228]
RtlGetAppContainerNamedObjectPath [0x773F8914+180]
(No symbol) [0x00000000]

at org.openqa.selenium.remote.W3CHandshakeResponse.lambda$errorHandler$0(W3CHandshakeResponse.java:62)
at org.openqa.selenium.remote.HandshakeResponse.lambda$getResponseFunction$0(HandshakeResponse.java:30)
at org.openqa.selenium.remote.ProtocolHandshake.lambda$createSession$0(ProtocolHandshake.java:126)
at java.util.stream.ReferencePipeline$3$1.accept(Unknown Source)
at java.util.Spliterators$ArraySpliterator.tryAdvance(Unknown Source)
at java.util.stream.ReferencePipeline.forEachWithCancel(Unknown Source)
at java.util.stream.AbstractPipeline.copyIntoWithCancel(Unknown Source)
at java.util.stream.AbstractPipeline.copyInto(Unknown Source)
at java.util.stream.AbstractPipeline.wrapAndCopyInto(Unknown Source)
at java.util.stream.FindOps$FindOp.evaluateSequential(Unknown Source)
at java.util.stream.AbstractPipeline.evaluate(Unknown Source)
at java.util.stream.ReferencePipeline.findFirst(Unknown Source)
at org.openqa.selenium.remote.ProtocolHandshake.createSession(ProtocolHandshake.java:128)
at org.openqa.selenium.remote.ProtocolHandshake.createSession(ProtocolHandshake.java:74)
at org.openqa.selenium.remote.HttpCommandExecutor.execute(HttpCommandExecutor.java:136)
at org.openqa.selenium.remote.service.DriverCommandExecutor.execute(DriverCommandExecutor.java:83)
at org.openqa.selenium.remote.RemoteWebDriver.execute(RemoteWebDriver.java:552)
at org.openqa.selenium.remote.RemoteWebDriver.startSession(RemoteWebDriver.java:213)
at org.openqa.selenium.remote.RemoteWebDriver.<init>(RemoteWebDriver.java:131)
at org.openqa.selenium.chrome.ChromeDriver.<init>(ChromeDriver.java:181)
at org.openqa.selenium.chrome.ChromeDriver.<init>(ChromeDriver.java:168)
at org.openqa.selenium.chrome.ChromeDriver.<init>(ChromeDriver.java:123)
at com.inetbanking.testcases.BaseClass.setUp(BaseClass.java:40)
... Removed 30 stack frames]]>
    </failure>
  </testcase> <!-- @BeforeClass setUp -->
  <testcase name="@AfterClass teardown" time="0.0" classname="com.inetbanking.testcases.BaseClass">
    <skipped/>
  </testcase> <!-- @AfterClass teardown -->
  <testcase name="editCustomer" time="0.0" classname="com.inetbanking.testcases.TC_EditCustomer_004">
    <skipped/>
  </testcase> <!-- editCustomer -->
</testsuite> <!-- Test -->
