<?xml version="1.0" encoding="UTF-8"?>
<testng-results skipped="1" failed="0" ignored="0" total="1" passed="0">
  <reporter-output>
  </reporter-output>
  <suite name="Suite" duration-ms="3377" started-at="2021-04-06T07:39:08Z" finished-at="2021-04-06T07:39:11Z">
    <groups>
    </groups>
    <test name="Test" duration-ms="3377" started-at="2021-04-06T07:39:08Z" finished-at="2021-04-06T07:39:11Z">
      <class name="com.inetbanking.testcases.TC_EditCustomer_004">
        <test-method status="FAIL" signature="setUp(java.lang.String)[pri:0, instance:com.inetbanking.testcases.TC_EditCustomer_004@6aeb35e6]" name="setUp" is-config="true" duration-ms="3223" started-at="2021-04-06T07:39:08Z" finished-at="2021-04-06T07:39:11Z">
          <params>
            <param index="0">
              <value>
                <![CDATA[chrome]]>
              </value>
            </param>
          </params>
          <exception class="org.openqa.selenium.SessionNotCreatedException">
            <message>
              <![CDATA[session not created: This version of ChromeDriver only supports Chrome version 87
Current browser version is 89.0.4389.114 with binary path C:\Program Files\Google\Chrome\Application\chrome.exe
Build info: version: '3.141.59', revision: 'e82be7d358', time: '2018-11-14T08:17:03'
System info: host: 'LAPTOP-VGI3336T', ip: '192.168.137.1', os.name: 'Windows 10', os.arch: 'amd64', os.version: '10.0', java.version: '1.8.0_251'
Driver info: driver.version: ChromeDriver
remote stacktrace: Backtrace:
Ordinal0 [0x0038C0C3+3326147]
Ordinal0 [0x00270851+2164817]
Ordinal0 [0x000F7298+619160]
Ordinal0 [0x00071D92+73106]
Ordinal0 [0x0006E119+57625]
Ordinal0 [0x0006C38A+50058]
Ordinal0 [0x00095F3E+220990]
Ordinal0 [0x00095CAC+220332]
Ordinal0 [0x0009189B+202907]
Ordinal0 [0x00073DF4+81396]
Ordinal0 [0x00074DEE+85486]
Ordinal0 [0x00074D79+85369]
Ordinal0 [0x002885DC+2262492]
GetHandleVerifier [0x00512874+1487204]
GetHandleVerifier [0x005123CD+1486013]
GetHandleVerifier [0x0051A368+1518680]
GetHandleVerifier [0x00512F4E+1488958]
Ordinal0 [0x0027ED0D+2223373]
Ordinal0 [0x0028A12B+2269483]
Ordinal0 [0x0028A26F+2269807]
Ordinal0 [0x0029ECB8+2354360]
BaseThreadInitThunk [0x76076359+25]
RtlGetAppContainerNamedObjectPath [0x773F8944+228]
RtlGetAppContainerNamedObjectPath [0x773F8914+180]
(No symbol) [0x00000000]
]]>
            </message>
            <full-stacktrace>
              <![CDATA[org.openqa.selenium.SessionNotCreatedException: session not created: This version of ChromeDriver only supports Chrome version 87
Current browser version is 89.0.4389.114 with binary path C:\Program Files\Google\Chrome\Application\chrome.exe
Build info: version: '3.141.59', revision: 'e82be7d358', time: '2018-11-14T08:17:03'
System info: host: 'LAPTOP-VGI3336T', ip: '192.168.137.1', os.name: 'Windows 10', os.arch: 'amd64', os.version: '10.0', java.version: '1.8.0_251'
Driver info: driver.version: ChromeDriver
remote stacktrace: Backtrace:
Ordinal0 [0x0038C0C3+3326147]
Ordinal0 [0x00270851+2164817]
Ordinal0 [0x000F7298+619160]
Ordinal0 [0x00071D92+73106]
Ordinal0 [0x0006E119+57625]
Ordinal0 [0x0006C38A+50058]
Ordinal0 [0x00095F3E+220990]
Ordinal0 [0x00095CAC+220332]
Ordinal0 [0x0009189B+202907]
Ordinal0 [0x00073DF4+81396]
Ordinal0 [0x00074DEE+85486]
Ordinal0 [0x00074D79+85369]
Ordinal0 [0x002885DC+2262492]
GetHandleVerifier [0x00512874+1487204]
GetHandleVerifier [0x005123CD+1486013]
GetHandleVerifier [0x0051A368+1518680]
GetHandleVerifier [0x00512F4E+1488958]
Ordinal0 [0x0027ED0D+2223373]
Ordinal0 [0x0028A12B+2269483]
Ordinal0 [0x0028A26F+2269807]
Ordinal0 [0x0029ECB8+2354360]
BaseThreadInitThunk [0x76076359+25]
RtlGetAppContainerNamedObjectPath [0x773F8944+228]
RtlGetAppContainerNamedObjectPath [0x773F8914+180]
(No symbol) [0x00000000]

at sun.reflect.NativeConstructorAccessorImpl.newInstance0(Native Method)
at sun.reflect.NativeConstructorAccessorImpl.newInstance(Unknown Source)
at sun.reflect.DelegatingConstructorAccessorImpl.newInstance(Unknown Source)
at java.lang.reflect.Constructor.newInstance(Unknown Source)
at org.openqa.selenium.remote.W3CHandshakeResponse.lambda$errorHandler$0(W3CHandshakeResponse.java:62)
at org.openqa.selenium.remote.HandshakeResponse.lambda$getResponseFunction$0(HandshakeResponse.java:30)
at org.openqa.selenium.remote.ProtocolHandshake.lambda$createSession$0(ProtocolHandshake.java:126)
at java.util.stream.ReferencePipeline$3$1.accept(Unknown Source)
at java.util.Spliterators$ArraySpliterator.tryAdvance(Unknown Source)
at java.util.stream.ReferencePipeline.forEachWithCancel(Unknown Source)
at java.util.stream.AbstractPipeline.copyIntoWithCancel(Unknown Source)
at java.util.stream.AbstractPipeline.copyInto(Unknown Source)
at java.util.stream.AbstractPipeline.wrapAndCopyInto(Unknown Source)
at java.util.stream.FindOps$FindOp.evaluateSequential(Unknown Source)
at java.util.stream.AbstractPipeline.evaluate(Unknown Source)
at java.util.stream.ReferencePipeline.findFirst(Unknown Source)
at org.openqa.selenium.remote.ProtocolHandshake.createSession(ProtocolHandshake.java:128)
at org.openqa.selenium.remote.ProtocolHandshake.createSession(ProtocolHandshake.java:74)
at org.openqa.selenium.remote.HttpCommandExecutor.execute(HttpCommandExecutor.java:136)
at org.openqa.selenium.remote.service.DriverCommandExecutor.execute(DriverCommandExecutor.java:83)
at org.openqa.selenium.remote.RemoteWebDriver.execute(RemoteWebDriver.java:552)
at org.openqa.selenium.remote.RemoteWebDriver.startSession(RemoteWebDriver.java:213)
at org.openqa.selenium.remote.RemoteWebDriver.<init>(RemoteWebDriver.java:131)
at org.openqa.selenium.chrome.ChromeDriver.<init>(ChromeDriver.java:181)
at org.openqa.selenium.chrome.ChromeDriver.<init>(ChromeDriver.java:168)
at org.openqa.selenium.chrome.ChromeDriver.<init>(ChromeDriver.java:123)
at com.inetbanking.testcases.BaseClass.setUp(BaseClass.java:40)
at sun.reflect.NativeMethodAccessorImpl.invoke0(Native Method)
at sun.reflect.NativeMethodAccessorImpl.invoke(Unknown Source)
at sun.reflect.DelegatingMethodAccessorImpl.invoke(Unknown Source)
at java.lang.reflect.Method.invoke(Unknown Source)
at org.testng.internal.MethodInvocationHelper.invokeMethod(MethodInvocationHelper.java:124)
at org.testng.internal.MethodInvocationHelper.invokeMethodConsideringTimeout(MethodInvocationHelper.java:59)
at org.testng.internal.Invoker.invokeConfigurationMethod(Invoker.java:458)
at org.testng.internal.Invoker.invokeConfigurations(Invoker.java:222)
at org.testng.internal.Invoker.invokeConfigurations(Invoker.java:142)
at org.testng.internal.TestMethodWorker.invokeBeforeClassMethods(TestMethodWorker.java:168)
at org.testng.internal.TestMethodWorker.run(TestMethodWorker.java:105)
at org.testng.TestRunner.privateRun(TestRunner.java:648)
at org.testng.TestRunner.run(TestRunner.java:505)
at org.testng.SuiteRunner.runTest(SuiteRunner.java:455)
at org.testng.SuiteRunner.runSequentially(SuiteRunner.java:450)
at org.testng.SuiteRunner.privateRun(SuiteRunner.java:415)
at org.testng.SuiteRunner.run(SuiteRunner.java:364)
at org.testng.SuiteRunnerWorker.runSuite(SuiteRunnerWorker.java:52)
at org.testng.SuiteRunnerWorker.run(SuiteRunnerWorker.java:84)
at org.testng.TestNG.runSuitesSequentially(TestNG.java:1208)
at org.testng.TestNG.runSuitesLocally(TestNG.java:1137)
at org.testng.TestNG.runSuites(TestNG.java:1049)
at org.testng.TestNG.run(TestNG.java:1017)
at org.testng.remote.AbstractRemoteTestNG.run(AbstractRemoteTestNG.java:132)
at org.testng.remote.RemoteTestNG.initAndRun(RemoteTestNG.java:230)
at org.testng.remote.RemoteTestNG.main(RemoteTestNG.java:76)
]]>
            </full-stacktrace>
          </exception> <!-- org.openqa.selenium.SessionNotCreatedException -->
          <reporter-output>
          </reporter-output>
        </test-method> <!-- setUp -->
        <test-method status="SKIP" signature="editCustomer()[pri:0, instance:com.inetbanking.testcases.TC_EditCustomer_004@6aeb35e6]" name="editCustomer" duration-ms="0" started-at="2021-04-06T07:39:11Z" finished-at="2021-04-06T07:39:11Z">
          <exception class="org.openqa.selenium.SessionNotCreatedException">
            <message>
              <![CDATA[session not created: This version of ChromeDriver only supports Chrome version 87
Current browser version is 89.0.4389.114 with binary path C:\Program Files\Google\Chrome\Application\chrome.exe
Build info: version: '3.141.59', revision: 'e82be7d358', time: '2018-11-14T08:17:03'
System info: host: 'LAPTOP-VGI3336T', ip: '192.168.137.1', os.name: 'Windows 10', os.arch: 'amd64', os.version: '10.0', java.version: '1.8.0_251'
Driver info: driver.version: ChromeDriver
remote stacktrace: Backtrace:
Ordinal0 [0x0038C0C3+3326147]
Ordinal0 [0x00270851+2164817]
Ordinal0 [0x000F7298+619160]
Ordinal0 [0x00071D92+73106]
Ordinal0 [0x0006E119+57625]
Ordinal0 [0x0006C38A+50058]
Ordinal0 [0x00095F3E+220990]
Ordinal0 [0x00095CAC+220332]
Ordinal0 [0x0009189B+202907]
Ordinal0 [0x00073DF4+81396]
Ordinal0 [0x00074DEE+85486]
Ordinal0 [0x00074D79+85369]
Ordinal0 [0x002885DC+2262492]
GetHandleVerifier [0x00512874+1487204]
GetHandleVerifier [0x005123CD+1486013]
GetHandleVerifier [0x0051A368+1518680]
GetHandleVerifier [0x00512F4E+1488958]
Ordinal0 [0x0027ED0D+2223373]
Ordinal0 [0x0028A12B+2269483]
Ordinal0 [0x0028A26F+2269807]
Ordinal0 [0x0029ECB8+2354360]
BaseThreadInitThunk [0x76076359+25]
RtlGetAppContainerNamedObjectPath [0x773F8944+228]
RtlGetAppContainerNamedObjectPath [0x773F8914+180]
(No symbol) [0x00000000]
]]>
            </message>
            <full-stacktrace>
              <![CDATA[org.openqa.selenium.SessionNotCreatedException: session not created: This version of ChromeDriver only supports Chrome version 87
Current browser version is 89.0.4389.114 with binary path C:\Program Files\Google\Chrome\Application\chrome.exe
Build info: version: '3.141.59', revision: 'e82be7d358', time: '2018-11-14T08:17:03'
System info: host: 'LAPTOP-VGI3336T', ip: '192.168.137.1', os.name: 'Windows 10', os.arch: 'amd64', os.version: '10.0', java.version: '1.8.0_251'
Driver info: driver.version: ChromeDriver
remote stacktrace: Backtrace:
Ordinal0 [0x0038C0C3+3326147]
Ordinal0 [0x00270851+2164817]
Ordinal0 [0x000F7298+619160]
Ordinal0 [0x00071D92+73106]
Ordinal0 [0x0006E119+57625]
Ordinal0 [0x0006C38A+50058]
Ordinal0 [0x00095F3E+220990]
Ordinal0 [0x00095CAC+220332]
Ordinal0 [0x0009189B+202907]
Ordinal0 [0x00073DF4+81396]
Ordinal0 [0x00074DEE+85486]
Ordinal0 [0x00074D79+85369]
Ordinal0 [0x002885DC+2262492]
GetHandleVerifier [0x00512874+1487204]
GetHandleVerifier [0x005123CD+1486013]
GetHandleVerifier [0x0051A368+1518680]
GetHandleVerifier [0x00512F4E+1488958]
Ordinal0 [0x0027ED0D+2223373]
Ordinal0 [0x0028A12B+2269483]
Ordinal0 [0x0028A26F+2269807]
Ordinal0 [0x0029ECB8+2354360]
BaseThreadInitThunk [0x76076359+25]
RtlGetAppContainerNamedObjectPath [0x773F8944+228]
RtlGetAppContainerNamedObjectPath [0x773F8914+180]
(No symbol) [0x00000000]

at sun.reflect.NativeConstructorAccessorImpl.newInstance0(Native Method)
at sun.reflect.NativeConstructorAccessorImpl.newInstance(Unknown Source)
at sun.reflect.DelegatingConstructorAccessorImpl.newInstance(Unknown Source)
at java.lang.reflect.Constructor.newInstance(Unknown Source)
at org.openqa.selenium.remote.W3CHandshakeResponse.lambda$errorHandler$0(W3CHandshakeResponse.java:62)
at org.openqa.selenium.remote.HandshakeResponse.lambda$getResponseFunction$0(HandshakeResponse.java:30)
at org.openqa.selenium.remote.ProtocolHandshake.lambda$createSession$0(ProtocolHandshake.java:126)
at java.util.stream.ReferencePipeline$3$1.accept(Unknown Source)
at java.util.Spliterators$ArraySpliterator.tryAdvance(Unknown Source)
at java.util.stream.ReferencePipeline.forEachWithCancel(Unknown Source)
at java.util.stream.AbstractPipeline.copyIntoWithCancel(Unknown Source)
at java.util.stream.AbstractPipeline.copyInto(Unknown Source)
at java.util.stream.AbstractPipeline.wrapAndCopyInto(Unknown Source)
at java.util.stream.FindOps$FindOp.evaluateSequential(Unknown Source)
at java.util.stream.AbstractPipeline.evaluate(Unknown Source)
at java.util.stream.ReferencePipeline.findFirst(Unknown Source)
at org.openqa.selenium.remote.ProtocolHandshake.createSession(ProtocolHandshake.java:128)
at org.openqa.selenium.remote.ProtocolHandshake.createSession(ProtocolHandshake.java:74)
at org.openqa.selenium.remote.HttpCommandExecutor.execute(HttpCommandExecutor.java:136)
at org.openqa.selenium.remote.service.DriverCommandExecutor.execute(DriverCommandExecutor.java:83)
at org.openqa.selenium.remote.RemoteWebDriver.execute(RemoteWebDriver.java:552)
at org.openqa.selenium.remote.RemoteWebDriver.startSession(RemoteWebDriver.java:213)
at org.openqa.selenium.remote.RemoteWebDriver.<init>(RemoteWebDriver.java:131)
at org.openqa.selenium.chrome.ChromeDriver.<init>(ChromeDriver.java:181)
at org.openqa.selenium.chrome.ChromeDriver.<init>(ChromeDriver.java:168)
at org.openqa.selenium.chrome.ChromeDriver.<init>(ChromeDriver.java:123)
at com.inetbanking.testcases.BaseClass.setUp(BaseClass.java:40)
at sun.reflect.NativeMethodAccessorImpl.invoke0(Native Method)
at sun.reflect.NativeMethodAccessorImpl.invoke(Unknown Source)
at sun.reflect.DelegatingMethodAccessorImpl.invoke(Unknown Source)
at java.lang.reflect.Method.invoke(Unknown Source)
at org.testng.internal.MethodInvocationHelper.invokeMethod(MethodInvocationHelper.java:124)
at org.testng.internal.MethodInvocationHelper.invokeMethodConsideringTimeout(MethodInvocationHelper.java:59)
at org.testng.internal.Invoker.invokeConfigurationMethod(Invoker.java:458)
at org.testng.internal.Invoker.invokeConfigurations(Invoker.java:222)
at org.testng.internal.Invoker.invokeConfigurations(Invoker.java:142)
at org.testng.internal.TestMethodWorker.invokeBeforeClassMethods(TestMethodWorker.java:168)
at org.testng.internal.TestMethodWorker.run(TestMethodWorker.java:105)
at org.testng.TestRunner.privateRun(TestRunner.java:648)
at org.testng.TestRunner.run(TestRunner.java:505)
at org.testng.SuiteRunner.runTest(SuiteRunner.java:455)
at org.testng.SuiteRunner.runSequentially(SuiteRunner.java:450)
at org.testng.SuiteRunner.privateRun(SuiteRunner.java:415)
at org.testng.SuiteRunner.run(SuiteRunner.java:364)
at org.testng.SuiteRunnerWorker.runSuite(SuiteRunnerWorker.java:52)
at org.testng.SuiteRunnerWorker.run(SuiteRunnerWorker.java:84)
at org.testng.TestNG.runSuitesSequentially(TestNG.java:1208)
at org.testng.TestNG.runSuitesLocally(TestNG.java:1137)
at org.testng.TestNG.runSuites(TestNG.java:1049)
at org.testng.TestNG.run(TestNG.java:1017)
at org.testng.remote.AbstractRemoteTestNG.run(AbstractRemoteTestNG.java:132)
at org.testng.remote.RemoteTestNG.initAndRun(RemoteTestNG.java:230)
at org.testng.remote.RemoteTestNG.main(RemoteTestNG.java:76)
]]>
            </full-stacktrace>
          </exception> <!-- org.openqa.selenium.SessionNotCreatedException -->
          <reporter-output>
          </reporter-output>
        </test-method> <!-- editCustomer -->
        <test-method status="SKIP" signature="teardown()[pri:0, instance:com.inetbanking.testcases.TC_EditCustomer_004@6aeb35e6]" name="teardown" is-config="true" duration-ms="0" started-at="2021-04-06T07:39:11Z" finished-at="2021-04-06T07:39:11Z">
          <reporter-output>
          </reporter-output>
        </test-method> <!-- teardown -->
      </class> <!-- com.inetbanking.testcases.TC_EditCustomer_004 -->
    </test> <!-- Test -->
  </suite> <!-- Suite -->
</testng-results>
