<?xml version="1.0" encoding="UTF-8"?>
<!-- Generated by org.testng.reporters.JUnitReportReporter -->
<testsuite skipped="1" hostname="LAPTOP-VGI3336T" name="com.inetbanking.testcases.TC_EditCustomer_004" tests="2" failures="0" timestamp="14 Apr 2021 10:47:43 GMT" time="4.208" errors="1">
  <testcase name="editCustomer" time="0.000" classname="com.inetbanking.testcases.TC_EditCustomer_004">
    <skipped/>
  </testcase> <!-- editCustomer -->
  <testcase name="setUp" time="4.208" classname="com.inetbanking.testcases.TC_EditCustomer_004">
    <error type="org.openqa.selenium.SessionNotCreatedException" message="session not created: This version of ChromeDriver only supports Chrome version 87
Current browser version is 89.0.4389.114 with binary path C:\Program Files\Google\Chrome\Application\chrome.exe
Build info: version: &#039;3.141.59&#039;, revision: &#039;e82be7d358&#039;, time: &#039;2018-11-14T08:17:03&#039;
System info: host: &#039;LAPTOP-VGI3336T&#039;, ip: &#039;192.168.225.206&#039;, os.name: &#039;Windows 10&#039;, os.arch: &#039;amd64&#039;, os.version: &#039;10.0&#039;, java.version: &#039;1.8.0_251&#039;
Driver info: driver.version: ChromeDriver
remote stacktrace: Backtrace:
	Ordinal0 [0x009BC0C3+3326147]
	Ordinal0 [0x008A0851+2164817]
	Ordinal0 [0x00727298+619160]
	Ordinal0 [0x006A1D92+73106]
	Ordinal0 [0x0069E119+57625]
	Ordinal0 [0x0069C38A+50058]
	Ordinal0 [0x006C5F3E+220990]
	Ordinal0 [0x006C5CAC+220332]
	Ordinal0 [0x006C189B+202907]
	Ordinal0 [0x006A3DF4+81396]
	Ordinal0 [0x006A4DEE+85486]
	Ordinal0 [0x006A4D79+85369]
	Ordinal0 [0x008B85DC+2262492]
	GetHandleVerifier [0x00B42874+1487204]
	GetHandleVerifier [0x00B423CD+1486013]
	GetHandleVerifier [0x00B4A368+1518680]
	GetHandleVerifier [0x00B42F4E+1488958]
	Ordinal0 [0x008AED0D+2223373]
	Ordinal0 [0x008BA12B+2269483]
	Ordinal0 [0x008BA26F+2269807]
	Ordinal0 [0x008CECB8+2354360]
	BaseThreadInitThunk [0x7737FA29+25]
	RtlGetAppContainerNamedObjectPath [0x774C7C7E+286]
	RtlGetAppContainerNamedObjectPath [0x774C7C4E+238]
">
      <![CDATA[org.openqa.selenium.SessionNotCreatedException: session not created: This version of ChromeDriver only supports Chrome version 87
Current browser version is 89.0.4389.114 with binary path C:\Program Files\Google\Chrome\Application\chrome.exe
Build info: version: '3.141.59', revision: 'e82be7d358', time: '2018-11-14T08:17:03'
System info: host: 'LAPTOP-VGI3336T', ip: '192.168.225.206', os.name: 'Windows 10', os.arch: 'amd64', os.version: '10.0', java.version: '1.8.0_251'
Driver info: driver.version: ChromeDriver
remote stacktrace: Backtrace:
Ordinal0 [0x009BC0C3+3326147]
Ordinal0 [0x008A0851+2164817]
Ordinal0 [0x00727298+619160]
Ordinal0 [0x006A1D92+73106]
Ordinal0 [0x0069E119+57625]
Ordinal0 [0x0069C38A+50058]
Ordinal0 [0x006C5F3E+220990]
Ordinal0 [0x006C5CAC+220332]
Ordinal0 [0x006C189B+202907]
Ordinal0 [0x006A3DF4+81396]
Ordinal0 [0x006A4DEE+85486]
Ordinal0 [0x006A4D79+85369]
Ordinal0 [0x008B85DC+2262492]
GetHandleVerifier [0x00B42874+1487204]
GetHandleVerifier [0x00B423CD+1486013]
GetHandleVerifier [0x00B4A368+1518680]
GetHandleVerifier [0x00B42F4E+1488958]
Ordinal0 [0x008AED0D+2223373]
Ordinal0 [0x008BA12B+2269483]
Ordinal0 [0x008BA26F+2269807]
Ordinal0 [0x008CECB8+2354360]
BaseThreadInitThunk [0x7737FA29+25]
RtlGetAppContainerNamedObjectPath [0x774C7C7E+286]
RtlGetAppContainerNamedObjectPath [0x774C7C4E+238]

at sun.reflect.NativeConstructorAccessorImpl.newInstance0(Native Method)
at sun.reflect.NativeConstructorAccessorImpl.newInstance(Unknown Source)
at sun.reflect.DelegatingConstructorAccessorImpl.newInstance(Unknown Source)
at java.lang.reflect.Constructor.newInstance(Unknown Source)
at org.openqa.selenium.remote.W3CHandshakeResponse.lambda$errorHandler$0(W3CHandshakeResponse.java:62)
at org.openqa.selenium.remote.HandshakeResponse.lambda$getResponseFunction$0(HandshakeResponse.java:30)
at org.openqa.selenium.remote.ProtocolHandshake.lambda$createSession$0(ProtocolHandshake.java:126)
at java.util.stream.ReferencePipeline$3$1.accept(Unknown Source)
at java.util.Spliterators$ArraySpliterator.tryAdvance(Unknown Source)
at java.util.stream.ReferencePipeline.forEachWithCancel(Unknown Source)
at java.util.stream.AbstractPipeline.copyIntoWithCancel(Unknown Source)
at java.util.stream.AbstractPipeline.copyInto(Unknown Source)
at java.util.stream.AbstractPipeline.wrapAndCopyInto(Unknown Source)
at java.util.stream.FindOps$FindOp.evaluateSequential(Unknown Source)
at java.util.stream.AbstractPipeline.evaluate(Unknown Source)
at java.util.stream.ReferencePipeline.findFirst(Unknown Source)
at org.openqa.selenium.remote.ProtocolHandshake.createSession(ProtocolHandshake.java:128)
at org.openqa.selenium.remote.ProtocolHandshake.createSession(ProtocolHandshake.java:74)
at org.openqa.selenium.remote.HttpCommandExecutor.execute(HttpCommandExecutor.java:136)
at org.openqa.selenium.remote.service.DriverCommandExecutor.execute(DriverCommandExecutor.java:83)
at org.openqa.selenium.remote.RemoteWebDriver.execute(RemoteWebDriver.java:552)
at org.openqa.selenium.remote.RemoteWebDriver.startSession(RemoteWebDriver.java:213)
at org.openqa.selenium.remote.RemoteWebDriver.<init>(RemoteWebDriver.java:131)
at org.openqa.selenium.chrome.ChromeDriver.<init>(ChromeDriver.java:181)
at org.openqa.selenium.chrome.ChromeDriver.<init>(ChromeDriver.java:168)
at org.openqa.selenium.chrome.ChromeDriver.<init>(ChromeDriver.java:123)
at com.inetbanking.testcases.BaseClass.setUp(BaseClass.java:40)
at sun.reflect.NativeMethodAccessorImpl.invoke0(Native Method)
at sun.reflect.NativeMethodAccessorImpl.invoke(Unknown Source)
at sun.reflect.DelegatingMethodAccessorImpl.invoke(Unknown Source)
at java.lang.reflect.Method.invoke(Unknown Source)
at org.testng.internal.MethodInvocationHelper.invokeMethod(MethodInvocationHelper.java:124)
at org.testng.internal.MethodInvocationHelper.invokeMethodConsideringTimeout(MethodInvocationHelper.java:59)
at org.testng.internal.Invoker.invokeConfigurationMethod(Invoker.java:458)
at org.testng.internal.Invoker.invokeConfigurations(Invoker.java:222)
at org.testng.internal.Invoker.invokeConfigurations(Invoker.java:142)
at org.testng.internal.TestMethodWorker.invokeBeforeClassMethods(TestMethodWorker.java:168)
at org.testng.internal.TestMethodWorker.run(TestMethodWorker.java:105)
at org.testng.TestRunner.privateRun(TestRunner.java:648)
at org.testng.TestRunner.run(TestRunner.java:505)
at org.testng.SuiteRunner.runTest(SuiteRunner.java:455)
at org.testng.SuiteRunner.runSequentially(SuiteRunner.java:450)
at org.testng.SuiteRunner.privateRun(SuiteRunner.java:415)
at org.testng.SuiteRunner.run(SuiteRunner.java:364)
at org.testng.SuiteRunnerWorker.runSuite(SuiteRunnerWorker.java:52)
at org.testng.SuiteRunnerWorker.run(SuiteRunnerWorker.java:84)
at org.testng.TestNG.runSuitesSequentially(TestNG.java:1208)
at org.testng.TestNG.runSuitesLocally(TestNG.java:1137)
at org.testng.TestNG.runSuites(TestNG.java:1049)
at org.testng.TestNG.run(TestNG.java:1017)
at org.apache.maven.surefire.testng.TestNGExecutor.run(TestNGExecutor.java:283)
at org.apache.maven.surefire.testng.TestNGXmlTestSuite.execute(TestNGXmlTestSuite.java:75)
at org.apache.maven.surefire.testng.TestNGProvider.invoke(TestNGProvider.java:120)
at org.apache.maven.surefire.booter.ForkedBooter.invokeProviderInSameClassLoader(ForkedBooter.java:384)
at org.apache.maven.surefire.booter.ForkedBooter.runSuitesInProcess(ForkedBooter.java:345)
at org.apache.maven.surefire.booter.ForkedBooter.execute(ForkedBooter.java:126)
at org.apache.maven.surefire.booter.ForkedBooter.main(ForkedBooter.java:418)
]]>
    </error>
  </testcase> <!-- setUp -->
</testsuite> <!-- com.inetbanking.testcases.TC_EditCustomer_004 -->
